\BOOKMARK [0][-]{chapter.1}{Introduction}{}% 1
\BOOKMARK [0][-]{chapter.2}{Analytical Formulation}{}% 2
\BOOKMARK [1][-]{subsection.2.0.1}{Integration Methods}{chapter.2}% 3
\BOOKMARK [0][-]{chapter.3}{Computational Implementation}{}% 4
\BOOKMARK [1][-]{section.3.1}{Full integration}{chapter.3}% 5
\BOOKMARK [1][-]{section.3.2}{Reduced Integration with Hourglass Control}{chapter.3}% 6
\BOOKMARK [1][-]{section.3.3}{Implementation}{chapter.3}% 7
\BOOKMARK [0][-]{chapter.4}{Verification Problems}{}% 8
\BOOKMARK [1][-]{section.4.1}{Solid Plates}{chapter.4}% 9
\BOOKMARK [2][-]{subsection.4.1.1}{}{section.4.1}% 10
\BOOKMARK [2][-]{subsection.4.1.2}{}{section.4.1}% 11
\BOOKMARK [2][-]{subsection.4.1.3}{}{section.4.1}% 12
\BOOKMARK [2][-]{subsection.4.1.4}{}{section.4.1}% 13
\BOOKMARK [1][-]{section.4.2}{Plate With a Hole \(Washers\)}{chapter.4}% 14
\BOOKMARK [2][-]{subsection.4.2.1}{}{section.4.2}% 15
\BOOKMARK [2][-]{subsection.4.2.2}{}{section.4.2}% 16
\BOOKMARK [2][-]{subsection.4.2.3}{}{section.4.2}% 17
\BOOKMARK [2][-]{subsection.4.2.4}{}{section.4.2}% 18
\BOOKMARK [0][-]{chapter.5}{Performance Evaluation}{}% 19
\BOOKMARK [1][-]{section.5.1}{Determining Differences Between Analytical and Numerical Solutions}{chapter.5}% 20
\BOOKMARK [1][-]{section.5.2}{Convergence}{chapter.5}% 21
\BOOKMARK [2][-]{subsection.5.2.1}{CSDAX4F- Full Integration}{section.5.2}% 22
\BOOKMARK [2][-]{subsection.5.2.2}{CSDAX4R- Reduced Integration}{section.5.2}% 23
\BOOKMARK [2][-]{subsection.5.2.3}{Comparing Convergence of Both Elements}{section.5.2}% 24
\BOOKMARK [1][-]{section.5.3}{Convergence toward analytical solutions}{chapter.5}% 25
\BOOKMARK [1][-]{section.5.4}{Functions utilized to determine convergence etc}{chapter.5}% 26
\BOOKMARK [1][-]{section.5.5}{FEM code}{chapter.5}% 27
\BOOKMARK [0][-]{chapter.6}{Unit Testing}{}% 28
