This is pdfTeX, Version 3.14159265-2.6-1.40.15 (TeX Live 2014) (preloaded format=pdflatex 2014.9.2)  28 APR 2016 00:12
entering extended mode
 restricted \write18 enabled.
 file:line:error style messages enabled.
 %&-line parsing enabled.
**Exact-Solutions_STU_TRY.tex
(./Exact-Solutions_STU_TRY.tex
LaTeX2e <2014/05/01>
Babel <3.9k> and hyphenation patterns for 21 languages loaded.
(/usr/local/texlive/2014basic/texmf-dist/tex/latex/base/report.cls
Document Class: report 2007/10/19 v1.4h Standard LaTeX document class
(/usr/local/texlive/2014basic/texmf-dist/tex/latex/base/size10.clo
File: size10.clo 2007/10/19 v1.4h Standard LaTeX file (size option)
)
\c@part=\count79
\c@chapter=\count80
\c@section=\count81
\c@subsection=\count82
\c@subsubsection=\count83
\c@paragraph=\count84
\c@subparagraph=\count85
\c@figure=\count86
\c@table=\count87
\abovecaptionskip=\skip41
\belowcaptionskip=\skip42
\bibindent=\dimen102
)
(/usr/local/texlive/2014basic/texmf-dist/tex/latex/base/inputenc.sty
Package: inputenc 2014/04/30 v1.2b Input encoding file
\inpenc@prehook=\toks14
\inpenc@posthook=\toks15

(/usr/local/texlive/2014basic/texmf-dist/tex/latex/base/latin1.def
File: latin1.def 2014/04/30 v1.2b Input encoding file
))
(/usr/local/texlive/2014basic/texmf-dist/tex/latex/amsmath/amsmath.sty
Package: amsmath 2013/01/14 v2.14 AMS math features
\@mathmargin=\skip43

For additional information on amsmath, use the `?' option.
(/usr/local/texlive/2014basic/texmf-dist/tex/latex/amsmath/amstext.sty
Package: amstext 2000/06/29 v2.01

(/usr/local/texlive/2014basic/texmf-dist/tex/latex/amsmath/amsgen.sty
File: amsgen.sty 1999/11/30 v2.0
\@emptytoks=\toks16
\ex@=\dimen103
))
(/usr/local/texlive/2014basic/texmf-dist/tex/latex/amsmath/amsbsy.sty
Package: amsbsy 1999/11/29 v1.2d
\pmbraise@=\dimen104
)
(/usr/local/texlive/2014basic/texmf-dist/tex/latex/amsmath/amsopn.sty
Package: amsopn 1999/12/14 v2.01 operator names
)
\inf@bad=\count88
LaTeX Info: Redefining \frac on input line 210.
\uproot@=\count89
\leftroot@=\count90
LaTeX Info: Redefining \overline on input line 306.
\classnum@=\count91
\DOTSCASE@=\count92
LaTeX Info: Redefining \ldots on input line 378.
LaTeX Info: Redefining \dots on input line 381.
LaTeX Info: Redefining \cdots on input line 466.
\Mathstrutbox@=\box26
\strutbox@=\box27
\big@size=\dimen105
LaTeX Font Info:    Redeclaring font encoding OML on input line 566.
LaTeX Font Info:    Redeclaring font encoding OMS on input line 567.
\macc@depth=\count93
\c@MaxMatrixCols=\count94
\dotsspace@=\muskip10
\c@parentequation=\count95
\dspbrk@lvl=\count96
\tag@help=\toks17
\row@=\count97
\column@=\count98
\maxfields@=\count99
\andhelp@=\toks18
\eqnshift@=\dimen106
\alignsep@=\dimen107
\tagshift@=\dimen108
\tagwidth@=\dimen109
\totwidth@=\dimen110
\lineht@=\dimen111
\@envbody=\toks19
\multlinegap=\skip44
\multlinetaggap=\skip45
\mathdisplay@stack=\toks20
LaTeX Info: Redefining \[ on input line 2665.
LaTeX Info: Redefining \] on input line 2666.
)
(/usr/local/texlive/2014basic/texmf-dist/tex/latex/amsfonts/amsfonts.sty
Package: amsfonts 2013/01/14 v3.01 Basic AMSFonts support
\symAMSa=\mathgroup4
\symAMSb=\mathgroup5
LaTeX Font Info:    Overwriting math alphabet `\mathfrak' in version `bold'
(Font)                  U/euf/m/n --> U/euf/b/n on input line 106.
)
(/usr/local/texlive/2014basic/texmf-dist/tex/latex/amsfonts/amssymb.sty
Package: amssymb 2013/01/14 v3.01 AMS font symbols
)
(/usr/local/texlive/2014basic/texmf-dist/tex/latex/graphics/graphicx.sty
Package: graphicx 2014/04/25 v1.0g Enhanced LaTeX Graphics (DPC,SPQR)

(/usr/local/texlive/2014basic/texmf-dist/tex/latex/graphics/keyval.sty
Package: keyval 2014/05/08 v1.15 key=value parser (DPC)
\KV@toks@=\toks21
)
(/usr/local/texlive/2014basic/texmf-dist/tex/latex/graphics/graphics.sty
Package: graphics 2009/02/05 v1.0o Standard LaTeX Graphics (DPC,SPQR)

(/usr/local/texlive/2014basic/texmf-dist/tex/latex/graphics/trig.sty
Package: trig 1999/03/16 v1.09 sin cos tan (DPC)
)
(/usr/local/texlive/2014basic/texmf-dist/tex/latex/latexconfig/graphics.cfg
File: graphics.cfg 2010/04/23 v1.9 graphics configuration of TeX Live
)
Package graphics Info: Driver file: pdftex.def on input line 91.

(/usr/local/texlive/2014basic/texmf-dist/tex/latex/pdftex-def/pdftex.def
File: pdftex.def 2011/05/27 v0.06d Graphics/color for pdfTeX

(/usr/local/texlive/2014basic/texmf-dist/tex/generic/oberdiek/infwarerr.sty
Package: infwarerr 2010/04/08 v1.3 Providing info/warning/error messages (HO)
)
(/usr/local/texlive/2014basic/texmf-dist/tex/generic/oberdiek/ltxcmds.sty
Package: ltxcmds 2011/11/09 v1.22 LaTeX kernel commands for general use (HO)
)
\Gread@gobject=\count100
))
\Gin@req@height=\dimen112
\Gin@req@width=\dimen113
)
(/usr/local/texlive/2014basic/texmf-dist/tex/latex/listings/listings.sty
\lst@mode=\count101
\lst@gtempboxa=\box28
\lst@token=\toks22
\lst@length=\count102
\lst@currlwidth=\dimen114
\lst@column=\count103
\lst@pos=\count104
\lst@lostspace=\dimen115
\lst@width=\dimen116
\lst@newlines=\count105
\lst@lineno=\count106
\lst@maxwidth=\dimen117

(/usr/local/texlive/2014basic/texmf-dist/tex/latex/listings/lstmisc.sty
File: lstmisc.sty 2014/03/04 1.5c (Carsten Heinz)
\c@lstnumber=\count107
\lst@skipnumbers=\count108
\lst@framebox=\box29
)
(/usr/local/texlive/2014basic/texmf-dist/tex/latex/listings/listings.cfg
File: listings.cfg 2014/03/04 1.5c listings configuration
))
Package: listings 2014/03/04 1.5c (Carsten Heinz)

(/usr/local/texlive/2014basic/texmf-dist/tex/latex/tools/enumerate.sty
Package: enumerate 1999/03/05 v3.00 enumerate extensions (DPC)
\@enLab=\toks23
)
(/usr/local/texlive/2014basic/texmf-dist/tex/latex/hyperref/hyperref.sty
Package: hyperref 2012/11/06 v6.83m Hypertext links for LaTeX

(/usr/local/texlive/2014basic/texmf-dist/tex/generic/oberdiek/hobsub-hyperref.s
ty
Package: hobsub-hyperref 2012/05/28 v1.13 Bundle oberdiek, subset hyperref (HO)


(/usr/local/texlive/2014basic/texmf-dist/tex/generic/oberdiek/hobsub-generic.st
y
Package: hobsub-generic 2012/05/28 v1.13 Bundle oberdiek, subset generic (HO)
Package: hobsub 2012/05/28 v1.13 Construct package bundles (HO)
Package hobsub Info: Skipping package `infwarerr' (already loaded).
Package hobsub Info: Skipping package `ltxcmds' (already loaded).
Package: ifluatex 2010/03/01 v1.3 Provides the ifluatex switch (HO)
Package ifluatex Info: LuaTeX not detected.
Package: ifvtex 2010/03/01 v1.5 Detect VTeX and its facilities (HO)
Package ifvtex Info: VTeX not detected.
Package: intcalc 2007/09/27 v1.1 Expandable calculations with integers (HO)
Package: ifpdf 2011/01/30 v2.3 Provides the ifpdf switch (HO)
Package ifpdf Info: pdfTeX in PDF mode is detected.
Package: etexcmds 2011/02/16 v1.5 Avoid name clashes with e-TeX commands (HO)
Package etexcmds Info: Could not find \expanded.
(etexcmds)             That can mean that you are not using pdfTeX 1.50 or
(etexcmds)             that some package has redefined \expanded.
(etexcmds)             In the latter case, load this package earlier.
Package: kvsetkeys 2012/04/25 v1.16 Key value parser (HO)
Package: kvdefinekeys 2011/04/07 v1.3 Define keys (HO)
Package: pdftexcmds 2011/11/29 v0.20 Utility functions of pdfTeX for LuaTeX (HO
)
Package pdftexcmds Info: LuaTeX not detected.
Package pdftexcmds Info: \pdf@primitive is available.
Package pdftexcmds Info: \pdf@ifprimitive is available.
Package pdftexcmds Info: \pdfdraftmode found.
Package: pdfescape 2011/11/25 v1.13 Implements pdfTeX's escape features (HO)
Package: bigintcalc 2012/04/08 v1.3 Expandable calculations on big integers (HO
)
Package: bitset 2011/01/30 v1.1 Handle bit-vector datatype (HO)
Package: uniquecounter 2011/01/30 v1.2 Provide unlimited unique counter (HO)
)
Package hobsub Info: Skipping package `hobsub' (already loaded).
Package: letltxmacro 2010/09/02 v1.4 Let assignment for LaTeX macros (HO)
Package: hopatch 2012/05/28 v1.2 Wrapper for package hooks (HO)
Package: xcolor-patch 2011/01/30 xcolor patch
Package: atveryend 2011/06/30 v1.8 Hooks at the very end of document (HO)
Package atveryend Info: \enddocument detected (standard20110627).
Package: atbegshi 2011/10/05 v1.16 At begin shipout hook (HO)
Package: refcount 2011/10/16 v3.4 Data extraction from label references (HO)
Package: hycolor 2011/01/30 v1.7 Color options for hyperref/bookmark (HO)
) (/usr/local/texlive/2014basic/texmf-dist/tex/generic/ifxetex/ifxetex.sty
Package: ifxetex 2010/09/12 v0.6 Provides ifxetex conditional
)
(/usr/local/texlive/2014basic/texmf-dist/tex/latex/oberdiek/auxhook.sty
Package: auxhook 2011/03/04 v1.3 Hooks for auxiliary files (HO)
)
(/usr/local/texlive/2014basic/texmf-dist/tex/latex/oberdiek/kvoptions.sty
Package: kvoptions 2011/06/30 v3.11 Key value format for package options (HO)
)
\@linkdim=\dimen118
\Hy@linkcounter=\count109
\Hy@pagecounter=\count110

(/usr/local/texlive/2014basic/texmf-dist/tex/latex/hyperref/pd1enc.def
File: pd1enc.def 2012/11/06 v6.83m Hyperref: PDFDocEncoding definition (HO)
)
\Hy@SavedSpaceFactor=\count111

(/usr/local/texlive/2014basic/texmf-dist/tex/latex/latexconfig/hyperref.cfg
File: hyperref.cfg 2002/06/06 v1.2 hyperref configuration of TeXLive
)
Package hyperref Info: Hyper figures OFF on input line 4443.
Package hyperref Info: Link nesting OFF on input line 4448.
Package hyperref Info: Hyper index ON on input line 4451.
Package hyperref Info: Plain pages OFF on input line 4458.
Package hyperref Info: Backreferencing OFF on input line 4463.
Package hyperref Info: Implicit mode ON; LaTeX internals redefined.
Package hyperref Info: Bookmarks ON on input line 4688.
\c@Hy@tempcnt=\count112

(/usr/local/texlive/2014basic/texmf-dist/tex/latex/url/url.sty
\Urlmuskip=\muskip11
Package: url 2013/09/16  ver 3.4  Verb mode for urls, etc.
)
LaTeX Info: Redefining \url on input line 5041.
\XeTeXLinkMargin=\dimen119
\Fld@menulength=\count113
\Field@Width=\dimen120
\Fld@charsize=\dimen121
Package hyperref Info: Hyper figures OFF on input line 6295.
Package hyperref Info: Link nesting OFF on input line 6300.
Package hyperref Info: Hyper index ON on input line 6303.
Package hyperref Info: backreferencing OFF on input line 6310.
Package hyperref Info: Link coloring OFF on input line 6315.
Package hyperref Info: Link coloring with OCG OFF on input line 6320.
Package hyperref Info: PDF/A mode OFF on input line 6325.
LaTeX Info: Redefining \ref on input line 6365.
LaTeX Info: Redefining \pageref on input line 6369.
\Hy@abspage=\count114
\c@Item=\count115
\c@Hfootnote=\count116
)

Package hyperref Message: Driver (autodetected): hpdftex.

(/usr/local/texlive/2014basic/texmf-dist/tex/latex/hyperref/hpdftex.def
File: hpdftex.def 2012/11/06 v6.83m Hyperref driver for pdfTeX
\Fld@listcount=\count117
\c@bookmark@seq@number=\count118

(/usr/local/texlive/2014basic/texmf-dist/tex/latex/oberdiek/rerunfilecheck.sty
Package: rerunfilecheck 2011/04/15 v1.7 Rerun checks for auxiliary files (HO)
Package uniquecounter Info: New unique counter `rerunfilecheck' on input line 2
82.
)
\Hy@SectionHShift=\skip46
) (/usr/local/texlive/2014basic/texmf-dist/tex/latex/float/float.sty
Package: float 2001/11/08 v1.3d Float enhancements (AL)
\c@float@type=\count119
\float@exts=\toks24
\float@box=\box30
\@float@everytoks=\toks25
\@floatcapt=\box31
)
(/usr/local/texlive/2014basic/texmf-dist/tex/latex/geometry/geometry.sty
Package: geometry 2010/09/12 v5.6 Page Geometry
\Gm@cnth=\count120
\Gm@cntv=\count121
\c@Gm@tempcnt=\count122
\Gm@bindingoffset=\dimen122
\Gm@wd@mp=\dimen123
\Gm@odd@mp=\dimen124
\Gm@even@mp=\dimen125
\Gm@layoutwidth=\dimen126
\Gm@layoutheight=\dimen127
\Gm@layouthoffset=\dimen128
\Gm@layoutvoffset=\dimen129
\Gm@dimlist=\toks26
)
(/usr/local/texlive/2014basic/texmf-dist/tex/latex/graphics/color.sty
Package: color 2014/04/23 v1.1a Standard LaTeX Color (DPC)

(/usr/local/texlive/2014basic/texmf-dist/tex/latex/latexconfig/color.cfg
File: color.cfg 2007/01/18 v1.5 color configuration of teTeX/TeXLive
)
Package color Info: Driver file: pdftex.def on input line 137.
)
(/usr/local/texlive/2014basic/texmf-dist/tex/latex/mh/empheq.sty
Package: empheq 2013/02/12 v2.13 Emphasizing equations

(/usr/local/texlive/2014basic/texmf-dist/tex/latex/mh/mhsetup.sty
Package: mhsetup 2010/01/21 v1.2a programming setup (MH)
)
(/usr/local/texlive/2014basic/texmf-dist/tex/latex/mh/mathtools.sty
Package: mathtools 2014/05/21 v1.14 mathematical typesetting tools

(/usr/local/texlive/2014basic/texmf-dist/tex/latex/tools/calc.sty
Package: calc 2007/08/22 v4.3 Infix arithmetic (KKT,FJ)
\calc@Acount=\count123
\calc@Bcount=\count124
\calc@Adimen=\dimen130
\calc@Bdimen=\dimen131
\calc@Askip=\skip47
\calc@Bskip=\skip48
LaTeX Info: Redefining \setlength on input line 75.
LaTeX Info: Redefining \addtolength on input line 76.
\calc@Ccount=\count125
\calc@Cskip=\skip49
)
LaTeX Info: Thecontrolsequence`\['isalreadyrobust on input line 129.
LaTeX Info: Thecontrolsequence`\]'isalreadyrobust on input line 129.
\g_MT_multlinerow_int=\count126
\l_MT_multwidth_dim=\dimen132
\origjot=\skip50
\l_MT_shortvdotswithinadjustabove_dim=\dimen133
\l_MT_shortvdotswithinadjustbelow_dim=\dimen134
\l_MT_above_intertext_sep=\dimen135
\l_MT_below_intertext_sep=\dimen136
\l_MT_above_shortintertext_sep=\dimen137
\l_MT_below_shortintertext_sep=\dimen138
)
\l_EQ_equationtype_int=\count127
\l_EQ_alignmentmode_int=\count128
\l_EQ_totalwidth_dim=\dimen139
\l_EQ_displaywidth_dim=\dimen140
\l_EQ_temp_linewidth_dim=\dimen141
\EmphEqdelimitershortfall=\dimen142
\EmphEqdelimiterfactor=\count129
\g_EQ_toptag_height_dim=\dimen143
\g_EQ_bottomtag_depth_dim=\dimen144
\g_EQ_toprow_height_dim=\dimen145
\g_EQ_bottomrow_depth_dim=\dimen146
\g_EQ_widesttag_dim=\dimen147
\EQ_mathdisplay_box=\box32
\EQ_tag_box=\box33
\g_EQ_temprow_int=\count130
)
\dlf=\skip51

(./Exact-Solutions_STU_TRY.aux

LaTeX Warning: Label `fig:Conv_PlPoCl_2' multiply defined.


LaTeX Warning: Label `fig:Conv_PlPoCl_2' multiply defined.


LaTeX Warning: Label `fig:Conv_PlPoCl_2' multiply defined.


LaTeX Warning: Label `fig:Conv_PlPoCl_2' multiply defined.


LaTeX Warning: Label `fig:Conv_PlPoCl_2' multiply defined.


LaTeX Warning: Label `fig:Conv_PlPoCl_3' multiply defined.


LaTeX Warning: Label `fig:Conv_PlPoCl_3' multiply defined.


LaTeX Warning: Label `fig:Conv_PlPoCl_3' multiply defined.


LaTeX Warning: Label `fig:Conv_PlPoCl_3' multiply defined.


LaTeX Warning: Label `fig:Conv_PlPoCl_3' multiply defined.


LaTeX Warning: Label `fig:Conv_PlPoCl_3' multiply defined.


LaTeX Warning: Label `fig:Conv_PlPoCl_1' multiply defined.


LaTeX Warning: Label `fig:Conv_PlPoCl_1' multiply defined.


LaTeX Warning: Label `fig:Conv_PlPoCl_1' multiply defined.


LaTeX Warning: Label `fig:Conv_PlPoCl_1' multiply defined.


LaTeX Warning: Label `fig:Conv_PlPoCl_1' multiply defined.


LaTeX Warning: Label `fig:Conv_PlPoCl_1' multiply defined.


LaTeX Warning: Label `fig:Conv_PlPoCl_1' multiply defined.

)
\openout1 = `Exact-Solutions_STU_TRY.aux'.

LaTeX Font Info:    Checking defaults for OML/cmm/m/it on input line 79.
LaTeX Font Info:    ... okay on input line 79.
LaTeX Font Info:    Checking defaults for T1/cmr/m/n on input line 79.
LaTeX Font Info:    ... okay on input line 79.
LaTeX Font Info:    Checking defaults for OT1/cmr/m/n on input line 79.
LaTeX Font Info:    ... okay on input line 79.
LaTeX Font Info:    Checking defaults for OMS/cmsy/m/n on input line 79.
LaTeX Font Info:    ... okay on input line 79.
LaTeX Font Info:    Checking defaults for OMX/cmex/m/n on input line 79.
LaTeX Font Info:    ... okay on input line 79.
LaTeX Font Info:    Checking defaults for U/cmr/m/n on input line 79.
LaTeX Font Info:    ... okay on input line 79.
LaTeX Font Info:    Checking defaults for PD1/pdf/m/n on input line 79.
LaTeX Font Info:    ... okay on input line 79.
 (/usr/local/texlive/2014basic/texmf-dist/tex/context/base/supp-pdf.mkii
[Loading MPS to PDF converter (version 2006.09.02).]
\scratchcounter=\count131
\scratchdimen=\dimen148
\scratchbox=\box34
\nofMPsegments=\count132
\nofMParguments=\count133
\everyMPshowfont=\toks27
\MPscratchCnt=\count134
\MPscratchDim=\dimen149
\MPnumerator=\count135
\makeMPintoPDFobject=\count136
\everyMPtoPDFconversion=\toks28
) (/usr/local/texlive/2014basic/texmf-dist/tex/latex/oberdiek/epstopdf-base.sty
Package: epstopdf-base 2010/02/09 v2.5 Base part for package epstopdf
(/usr/local/texlive/2014basic/texmf-dist/tex/latex/oberdiek/grfext.sty
Package: grfext 2010/08/19 v1.1 Manage graphics extensions (HO)
)
Package grfext Info: Graphics extension search list:
(grfext)             [.png,.pdf,.jpg,.mps,.jpeg,.jbig2,.jb2,.PNG,.PDF,.JPG,.JPE
G,.JBIG2,.JB2,.eps]
(grfext)             \AppendGraphicsExtensions on input line 452.

(/usr/local/texlive/2014basic/texmf-dist/tex/latex/latexconfig/epstopdf-sys.cfg
File: epstopdf-sys.cfg 2010/07/13 v1.3 Configuration of (r)epstopdf for TeX Liv
e
))
\c@lstlisting=\count137
\AtBeginShipoutBox=\box35
Package hyperref Info: Link coloring OFF on input line 79.
 (/usr/local/texlive/2014basic/texmf-dist/tex/latex/hyperref/nameref.sty
Package: nameref 2012/10/27 v2.43 Cross-referencing by name of section

(/usr/local/texlive/2014basic/texmf-dist/tex/generic/oberdiek/gettitlestring.st
y
Package: gettitlestring 2010/12/03 v1.4 Cleanup title references (HO)
)
\c@section@level=\count138
)
LaTeX Info: Redefining \ref on input line 79.
LaTeX Info: Redefining \pageref on input line 79.
LaTeX Info: Redefining \nameref on input line 79.
 (./Exact-Solutions_STU_TRY.out) (./Exact-Solutions_STU_TRY.out)
\@outlinefile=\write3
\openout3 = `Exact-Solutions_STU_TRY.out'.


*geometry* driver: auto-detecting
*geometry* detected driver: pdftex
*geometry* verbose mode - [ preamble ] result:
* driver: pdftex
* paper: letterpaper
* layout: <same size as paper>
* layoutoffset:(h,v)=(0.0pt,0.0pt)
* modes: 
* h-part:(L,W,R)=(72.26999pt, 469.75502pt, 72.26999pt)
* v-part:(T,H,B)=(72.26999pt, 650.43001pt, 72.26999pt)
* \paperwidth=614.295pt
* \paperheight=794.96999pt
* \textwidth=469.75502pt
* \textheight=650.43001pt
* \oddsidemargin=0.0pt
* \evensidemargin=0.0pt
* \topmargin=-37.0pt
* \headheight=12.0pt
* \headsep=25.0pt
* \topskip=10.0pt
* \footskip=30.0pt
* \marginparwidth=65.0pt
* \marginparsep=11.0pt
* \columnsep=10.0pt
* \skip\footins=9.0pt plus 4.0pt minus 2.0pt
* \hoffset=0.0pt
* \voffset=0.0pt
* \mag=1000
* \@twocolumnfalse
* \@twosidefalse
* \@mparswitchfalse
* \@reversemarginfalse
* (1in=72.27pt=25.4mm, 1cm=28.453pt)

Chapter 1.
LaTeX Font Info:    Try loading font information for OMS+cmr on input line 199.

(/usr/local/texlive/2014basic/texmf-dist/tex/latex/base/omscmr.fd
File: omscmr.fd 1999/05/25 v2.5h Standard LaTeX font definitions
)
LaTeX Font Info:    Font shape `OMS/cmr/m/n' in size <10> not available
(Font)              Font shape `OMS/cmsy/m/n' tried instead on input line 199.
LaTeX Font Info:    Try loading font information for U+msa on input line 202.

(/usr/local/texlive/2014basic/texmf-dist/tex/latex/amsfonts/umsa.fd
File: umsa.fd 2013/01/14 v3.01 AMS symbols A
)
LaTeX Font Info:    Try loading font information for U+msb on input line 202.

(/usr/local/texlive/2014basic/texmf-dist/tex/latex/amsfonts/umsb.fd
File: umsb.fd 2013/01/14 v3.01 AMS symbols B
)
(/usr/local/texlive/2014basic/texmf-dist/tex/latex/listings/lstlang1.sty
File: lstlang1.sty 2014/03/04 1.5c listings language file
)
LaTeX Font Info:    Font shape `OMS/cmr/m/n' in size <8> not available
(Font)              Font shape `OMS/cmsy/m/n' tried instead on input line 212.
LaTeX Font Info:    Try loading font information for OML+cmr on input line 219.


(/usr/local/texlive/2014basic/texmf-dist/tex/latex/base/omlcmr.fd
File: omlcmr.fd 1999/05/25 v2.5h Standard LaTeX font definitions
)
LaTeX Font Info:    Font shape `OML/cmr/m/n' in size <8> not available
(Font)              Font shape `OML/cmm/m/it' tried instead on input line 219.
 [1


{/usr/local/texlive/2014basic/texmf-var/fonts/map/pdftex/updmap/pdftex.map}]
<./GoodImages/Conv_PlPoCl_2.png, id=72, 433.62pt x 289.08pt>
File: ./GoodImages/Conv_PlPoCl_2.png Graphic file (type png)

<use ./GoodImages/Conv_PlPoCl_2.png>
Package pdftex.def Info: ./GoodImages/Conv_PlPoCl_2.png used on input line 285.

(pdftex.def)             Requested size: 328.82707pt x 219.22668pt.
 [2]
<./GoodImages/Conv_PlPoPi_2.png, id=113, 433.62pt x 289.08pt>
File: ./GoodImages/Conv_PlPoPi_2.png Graphic file (type png)

<use ./GoodImages/Conv_PlPoPi_2.png>
Package pdftex.def Info: ./GoodImages/Conv_PlPoPi_2.png used on input line 292.

(pdftex.def)             Requested size: 328.82707pt x 219.22668pt.

<./GoodImages/Conv_PlPrCl_2.png, id=114, 433.62pt x 289.08pt>
File: ./GoodImages/Conv_PlPrCl_2.png Graphic file (type png)

<use ./GoodImages/Conv_PlPrCl_2.png>
Package pdftex.def Info: ./GoodImages/Conv_PlPrCl_2.png used on input line 299.

(pdftex.def)             Requested size: 328.82707pt x 219.22668pt.
 [3pdfTeX warning (ext4): destination with the same identifier (name{figure.1.1
}) has been already used, duplicate ignored

\AtBegShi@Output ...ipout \box \AtBeginShipoutBox 
                                                  \fi \fi 
l.303 
      pdfTeX warning (ext4): destination with the same identifier (name{figure.
1.2}) has been already used, duplicate ignored

\AtBegShi@Output ...ipout \box \AtBeginShipoutBox 
                                                  \fi \fi 
l.303 
       <./GoodImages/Conv_PlPoCl_2.png> <./GoodImages/Conv_PlPoPi_2.png>]
<./GoodImages/Conv_PlPrPi_2.png, id=123, 433.62pt x 289.08pt>
File: ./GoodImages/Conv_PlPrPi_2.png Graphic file (type png)

<use ./GoodImages/Conv_PlPrPi_2.png>
Package pdftex.def Info: ./GoodImages/Conv_PlPrPi_2.png used on input line 306.

(pdftex.def)             Requested size: 328.82707pt x 219.22668pt.

<./GoodImages/Conv_WaPoCl_2.png, id=124, 433.62pt x 289.08pt>
File: ./GoodImages/Conv_WaPoCl_2.png Graphic file (type png)

<use ./GoodImages/Conv_WaPoCl_2.png>
Package pdftex.def Info: ./GoodImages/Conv_WaPoCl_2.png used on input line 313.

(pdftex.def)             Requested size: 328.82707pt x 219.22668pt.
 [4pdfTeX warning (ext4): destination with the same identifier (name{figure.1.3
}) has been already used, duplicate ignored

\AtBegShi@Output ...ipout \box \AtBeginShipoutBox 
                                                  \fi \fi 
l.317 
      pdfTeX warning (ext4): destination with the same identifier (name{figure.
1.4}) has been already used, duplicate ignored

\AtBegShi@Output ...ipout \box \AtBeginShipoutBox 
                                                  \fi \fi 
l.317 
       <./GoodImages/Conv_PlPrCl_2.png> <./GoodImages/Conv_PlPrPi_2.png>]
<./GoodImages/Conv_WaPoPi_2.png, id=133, 433.62pt x 289.08pt>
File: ./GoodImages/Conv_WaPoPi_2.png Graphic file (type png)

<use ./GoodImages/Conv_WaPoPi_2.png>
Package pdftex.def Info: ./GoodImages/Conv_WaPoPi_2.png used on input line 320.

(pdftex.def)             Requested size: 328.82707pt x 219.22668pt.

<./GoodImages/Conv_WaPrCl_2.png, id=134, 433.62pt x 289.08pt>
File: ./GoodImages/Conv_WaPrCl_2.png Graphic file (type png)

<use ./GoodImages/Conv_WaPrCl_2.png>
Package pdftex.def Info: ./GoodImages/Conv_WaPrCl_2.png used on input line 327.

(pdftex.def)             Requested size: 328.82707pt x 219.22668pt.
 [5pdfTeX warning (ext4): destination with the same identifier (name{figure.1.5
}) has been already used, duplicate ignored

\AtBegShi@Output ...ipout \box \AtBeginShipoutBox 
                                                  \fi \fi 
l.331 
      pdfTeX warning (ext4): destination with the same identifier (name{figure.
1.6}) has been already used, duplicate ignored

\AtBegShi@Output ...ipout \box \AtBeginShipoutBox 
                                                  \fi \fi 
l.331 
       <./GoodImages/Conv_WaPoCl_2.png> <./GoodImages/Conv_WaPoPi_2.png>]
<./GoodImages/Conv_WaPrPi_2.png, id=143, 433.62pt x 289.08pt>
File: ./GoodImages/Conv_WaPrPi_2.png Graphic file (type png)

<use ./GoodImages/Conv_WaPrPi_2.png>
Package pdftex.def Info: ./GoodImages/Conv_WaPrPi_2.png used on input line 334.

(pdftex.def)             Requested size: 328.82707pt x 219.22668pt.
 [6pdfTeX warning (ext4): destination with the same identifier (name{figure.1.7
}) has been already used, duplicate ignored

\AtBegShi@Output ...ipout \box \AtBeginShipoutBox 
                                                  \fi \fi 
l.340 \newpage
              pdfTeX warning (ext4): destination with the same identifier (name
{figure.1.8}) has been already used, duplicate ignored

\AtBegShi@Output ...ipout \box \AtBeginShipoutBox 
                                                  \fi \fi 
l.340 \newpage
               <./GoodImages/Conv_WaPrCl_2.png> <./GoodImages/Conv_WaPrPi_2.png
>] <./GoodImages/Conv_PlPoCl_3.png, id=153, 433.62pt x 289.08pt>
File: ./GoodImages/Conv_PlPoCl_3.png Graphic file (type png)

<use ./GoodImages/Conv_PlPoCl_3.png>
Package pdftex.def Info: ./GoodImages/Conv_PlPoCl_3.png used on input line 346.

(pdftex.def)             Requested size: 328.82707pt x 219.22668pt.

<./GoodImages/Conv_PlPoPi_3.png, id=154, 433.62pt x 289.08pt>
File: ./GoodImages/Conv_PlPoPi_3.png Graphic file (type png)

<use ./GoodImages/Conv_PlPoPi_3.png>
Package pdftex.def Info: ./GoodImages/Conv_PlPoPi_3.png used on input line 353.

(pdftex.def)             Requested size: 328.82707pt x 219.22668pt.

<./GoodImages/Conv_PlPrCl_3.png, id=155, 433.62pt x 289.08pt>
File: ./GoodImages/Conv_PlPrCl_3.png Graphic file (type png)

<use ./GoodImages/Conv_PlPrCl_3.png>
Package pdftex.def Info: ./GoodImages/Conv_PlPrCl_3.png used on input line 360.

(pdftex.def)             Requested size: 328.82707pt x 219.22668pt.
 [7pdfTeX warning (ext4): destination with the same identifier (name{figure.1.9
}) has been already used, duplicate ignored

\AtBegShi@Output ...ipout \box \AtBeginShipoutBox 
                                                  \fi \fi 
l.364 
      pdfTeX warning (ext4): destination with the same identifier (name{figure.
1.10}) has been already used, duplicate ignored

\AtBegShi@Output ...ipout \box \AtBeginShipoutBox 
                                                  \fi \fi 
l.364 
       <./GoodImages/Conv_PlPoCl_3.png> <./GoodImages/Conv_PlPoPi_3.png>]
<./GoodImages/Conv_PlPrPi_3.png, id=165, 433.62pt x 289.08pt>
File: ./GoodImages/Conv_PlPrPi_3.png Graphic file (type png)

<use ./GoodImages/Conv_PlPrPi_3.png>
Package pdftex.def Info: ./GoodImages/Conv_PlPrPi_3.png used on input line 367.

(pdftex.def)             Requested size: 328.82707pt x 219.22668pt.

<./GoodImages/Conv_WaPoCl_3.png, id=166, 433.62pt x 289.08pt>
File: ./GoodImages/Conv_WaPoCl_3.png Graphic file (type png)

<use ./GoodImages/Conv_WaPoCl_3.png>
Package pdftex.def Info: ./GoodImages/Conv_WaPoCl_3.png used on input line 374.

(pdftex.def)             Requested size: 328.82707pt x 219.22668pt.
 [8pdfTeX warning (ext4): destination with the same identifier (name{figure.1.1
1}) has been already used, duplicate ignored

\AtBegShi@Output ...ipout \box \AtBeginShipoutBox 
                                                  \fi \fi 
l.378 
      pdfTeX warning (ext4): destination with the same identifier (name{figure.
1.12}) has been already used, duplicate ignored

\AtBegShi@Output ...ipout \box \AtBeginShipoutBox 
                                                  \fi \fi 
l.378 
       <./GoodImages/Conv_PlPrCl_3.png> <./GoodImages/Conv_PlPrPi_3.png>]
<./GoodImages/Conv_WaPoPi_3.png, id=175, 433.62pt x 289.08pt>
File: ./GoodImages/Conv_WaPoPi_3.png Graphic file (type png)

<use ./GoodImages/Conv_WaPoPi_3.png>
Package pdftex.def Info: ./GoodImages/Conv_WaPoPi_3.png used on input line 381.

(pdftex.def)             Requested size: 328.82707pt x 219.22668pt.

<./GoodImages/Conv_WaPrCl_3.png, id=176, 433.62pt x 289.08pt>
File: ./GoodImages/Conv_WaPrCl_3.png Graphic file (type png)

<use ./GoodImages/Conv_WaPrCl_3.png>
Package pdftex.def Info: ./GoodImages/Conv_WaPrCl_3.png used on input line 388.

(pdftex.def)             Requested size: 328.82707pt x 219.22668pt.
 [9pdfTeX warning (ext4): destination with the same identifier (name{figure.1.1
3}) has been already used, duplicate ignored

\AtBegShi@Output ...ipout \box \AtBeginShipoutBox 
                                                  \fi \fi 
l.392 
      pdfTeX warning (ext4): destination with the same identifier (name{figure.
1.14}) has been already used, duplicate ignored

\AtBegShi@Output ...ipout \box \AtBeginShipoutBox 
                                                  \fi \fi 
l.392 
       <./GoodImages/Conv_WaPoCl_3.png> <./GoodImages/Conv_WaPoPi_3.png>]
<./GoodImages/Conv_PlPoCl_1.png, id=185, 433.62pt x 289.08pt>
File: ./GoodImages/Conv_PlPoCl_1.png Graphic file (type png)

<use ./GoodImages/Conv_PlPoCl_1.png>
Package pdftex.def Info: ./GoodImages/Conv_PlPoCl_1.png used on input line 398.

(pdftex.def)             Requested size: 328.82707pt x 219.22668pt.

<./GoodImages/Conv_PlPoPi_1.png, id=186, 433.62pt x 289.08pt>
File: ./GoodImages/Conv_PlPoPi_1.png Graphic file (type png)

<use ./GoodImages/Conv_PlPoPi_1.png>
Package pdftex.def Info: ./GoodImages/Conv_PlPoPi_1.png used on input line 405.

(pdftex.def)             Requested size: 328.82707pt x 219.22668pt.
 [10pdfTeX warning (ext4): destination with the same identifier (name{figure.1.
15}) has been already used, duplicate ignored

\AtBegShi@Output ...ipout \box \AtBeginShipoutBox 
                                                  \fi \fi 
l.409 
      pdfTeX warning (ext4): destination with the same identifier (name{figure.
1.16}) has been already used, duplicate ignored

\AtBegShi@Output ...ipout \box \AtBeginShipoutBox 
                                                  \fi \fi 
l.409 
       <./GoodImages/Conv_WaPrCl_3.png> <./GoodImages/Conv_PlPoCl_1.png>]
<./GoodImages/Conv_PlPrCl_1.png, id=195, 433.62pt x 289.08pt>
File: ./GoodImages/Conv_PlPrCl_1.png Graphic file (type png)

<use ./GoodImages/Conv_PlPrCl_1.png>
Package pdftex.def Info: ./GoodImages/Conv_PlPrCl_1.png used on input line 412.

(pdftex.def)             Requested size: 328.82707pt x 219.22668pt.

<./GoodImages/Conv_PlPrPi_1.png, id=196, 433.62pt x 289.08pt>
File: ./GoodImages/Conv_PlPrPi_1.png Graphic file (type png)

<use ./GoodImages/Conv_PlPrPi_1.png>
Package pdftex.def Info: ./GoodImages/Conv_PlPrPi_1.png used on input line 419.

(pdftex.def)             Requested size: 328.82707pt x 219.22668pt.
 [11pdfTeX warning (ext4): destination with the same identifier (name{figure.1.
17}) has been already used, duplicate ignored

\AtBegShi@Output ...ipout \box \AtBeginShipoutBox 
                                                  \fi \fi 
l.423 
      pdfTeX warning (ext4): destination with the same identifier (name{figure.
1.18}) has been already used, duplicate ignored

\AtBegShi@Output ...ipout \box \AtBeginShipoutBox 
                                                  \fi \fi 
l.423 
       <./GoodImages/Conv_PlPoPi_1.png> <./GoodImages/Conv_PlPrCl_1.png>]
<./GoodImages/Conv_WaPoCl_1.png, id=205, 433.62pt x 289.08pt>
File: ./GoodImages/Conv_WaPoCl_1.png Graphic file (type png)

<use ./GoodImages/Conv_WaPoCl_1.png>
Package pdftex.def Info: ./GoodImages/Conv_WaPoCl_1.png used on input line 426.

(pdftex.def)             Requested size: 328.82707pt x 219.22668pt.

<./GoodImages/Conv_WaPoPi_1.png, id=206, 433.62pt x 289.08pt>
File: ./GoodImages/Conv_WaPoPi_1.png Graphic file (type png)

<use ./GoodImages/Conv_WaPoPi_1.png>
Package pdftex.def Info: ./GoodImages/Conv_WaPoPi_1.png used on input line 433.

(pdftex.def)             Requested size: 328.82707pt x 219.22668pt.
 [12pdfTeX warning (ext4): destination with the same identifier (name{figure.1.
19}) has been already used, duplicate ignored

\AtBegShi@Output ...ipout \box \AtBeginShipoutBox 
                                                  \fi \fi 
l.437 
      pdfTeX warning (ext4): destination with the same identifier (name{figure.
1.20}) has been already used, duplicate ignored

\AtBegShi@Output ...ipout \box \AtBeginShipoutBox 
                                                  \fi \fi 
l.437 
       <./GoodImages/Conv_PlPrPi_1.png> <./GoodImages/Conv_WaPoCl_1.png>]
<./GoodImages/Conv_WaPrCl_1.png, id=215, 433.62pt x 289.08pt>
File: ./GoodImages/Conv_WaPrCl_1.png Graphic file (type png)

<use ./GoodImages/Conv_WaPrCl_1.png>
Package pdftex.def Info: ./GoodImages/Conv_WaPrCl_1.png used on input line 440.

(pdftex.def)             Requested size: 328.82707pt x 219.22668pt.

<./GoodImages/Conv_WaPrPi_1.png, id=216, 433.62pt x 289.08pt>
File: ./GoodImages/Conv_WaPrPi_1.png Graphic file (type png)

<use ./GoodImages/Conv_WaPrPi_1.png>
Package pdftex.def Info: ./GoodImages/Conv_WaPrPi_1.png used on input line 447.

(pdftex.def)             Requested size: 328.82707pt x 219.22668pt.
 [13pdfTeX warning (ext4): destination with the same identifier (name{figure.1.
21}) has been already used, duplicate ignored

\AtBegShi@Output ...ipout \box \AtBeginShipoutBox 
                                                  \fi \fi 
l.451 
      pdfTeX warning (ext4): destination with the same identifier (name{figure.
1.22}) has been already used, duplicate ignored

\AtBegShi@Output ...ipout \box \AtBeginShipoutBox 
                                                  \fi \fi 
l.451 
       <./GoodImages/Conv_WaPoPi_1.png> <./GoodImages/Conv_WaPrCl_1.png>]
[14pdfTeX warning (ext4): destination with the same identifier (name{figure.1.2
3}) has been already used, duplicate ignored

\AtBegShi@Output ...ipout \box \AtBeginShipoutBox 
                                                  \fi \fi 
l.479  
                           saveas3=None,saveas4=None,**kwargs): <./GoodImages/C
onv_WaPrPi_1.png>] [15] [16] [17] [18] [19] [20] [21] [22]
Chapter 2.
[23

] [24] [25]
Package atveryend Info: Empty hook `BeforeClearDocument' on input line 1161.
 [26]
Package atveryend Info: Empty hook `AfterLastShipout' on input line 1161.
 (./Exact-Solutions_STU_TRY.aux)
Package atveryend Info: Executing hook `AtVeryEndDocument' on input line 1161.
Package atveryend Info: Executing hook `AtEndAfterFileList' on input line 1161.

Package rerunfilecheck Info: File `Exact-Solutions_STU_TRY.out' has not changed
.
(rerunfilecheck)             Checksum: 8E625AC5188E35500BC3BA73FE3A9382;756.


LaTeX Warning: There were multiply-defined labels.

Package atveryend Info: Empty hook `AtVeryVeryEnd' on input line 1161.
 ) 
Here is how much of TeX's memory you used:
 10315 strings out of 494522
 151601 string characters out of 6167206
 520514 words of memory out of 5000000
 12655 multiletter control sequences out of 15000+600000
 10908 words of font info for 42 fonts, out of 8000000 for 9000
 319 hyphenation exceptions out of 8191
 31i,6n,42p,623b,1892s stack positions out of 5000i,500n,10000p,200000b,80000s
</usr/local/texlive/2014basic/texmf-dist/fonts/type1/public/amsfonts/cm/cmbx1
2.pfb></usr/local/texlive/2014basic/texmf-dist/fonts/type1/public/amsfonts/cm/c
mmi10.pfb></usr/local/texlive/2014basic/texmf-dist/fonts/type1/public/amsfonts/
cm/cmmi7.pfb></usr/local/texlive/2014basic/texmf-dist/fonts/type1/public/amsfon
ts/cm/cmmi8.pfb></usr/local/texlive/2014basic/texmf-dist/fonts/type1/public/ams
fonts/cm/cmr10.pfb></usr/local/texlive/2014basic/texmf-dist/fonts/type1/public/
amsfonts/cm/cmr5.pfb></usr/local/texlive/2014basic/texmf-dist/fonts/type1/publi
c/amsfonts/cm/cmr8.pfb></usr/local/texlive/2014basic/texmf-dist/fonts/type1/pub
lic/amsfonts/cm/cmsy10.pfb></usr/local/texlive/2014basic/texmf-dist/fonts/type1
/public/amsfonts/cm/cmsy8.pfb></usr/local/texlive/2014basic/texmf-dist/fonts/ty
pe1/public/amsfonts/cm/cmti10.pfb>
Output written on Exact-Solutions_STU_TRY.pdf (26 pages, 1119429 bytes).
PDF statistics:
 1169 PDF objects out of 1200 (max. 8388607)
 1074 compressed objects within 11 object streams
 790 named destinations out of 1000 (max. 500000)
 196 words of extra memory for PDF output out of 10000 (max. 10000000)

